{"/Users/ped/Desktop/github-job-search/src/App.js": {"path":"/Users/ped/Desktop/github-job-search/src/App.js","statementMap":{"0":{"start":{"line":6,"column":4},"end":{"line":11,"column":6}}},"fnMap":{"0":{"name":"App","decl":{"start":{"line":5,"column":9},"end":{"line":5,"column":12}},"loc":{"start":{"line":5,"column":15},"end":{"line":12,"column":1}},"line":5}},"branchMap":{},"s":{"0":1},"f":{"0":1},"b":{},"_coverageSchema":"43e27e138ebf9cfc5966b082cf9a028302ed4184","hash":"1b64e3370c567322f51ea3184fa6310a8279947c"}
,"/Users/ped/Desktop/github-job-search/src/components/JobSearch/JobSearch.js": {"path":"/Users/ped/Desktop/github-job-search/src/components/JobSearch/JobSearch.js","statementMap":{"0":{"start":{"line":4,"column":18},"end":{"line":20,"column":1}},"1":{"start":{"line":5,"column":59},"end":{"line":5,"column":64}},"2":{"start":{"line":6,"column":4},"end":{"line":19,"column":5}}},"fnMap":{"0":{"name":"(anonymous_0)","decl":{"start":{"line":4,"column":18},"end":{"line":4,"column":19}},"loc":{"start":{"line":4,"column":29},"end":{"line":20,"column":1}},"line":4}},"branchMap":{},"s":{"0":3,"1":3,"2":3},"f":{"0":3},"b":{},"_coverageSchema":"43e27e138ebf9cfc5966b082cf9a028302ed4184","hash":"940770d08b9732fcb636b26b82fc6de0c07f4872"}
,"/Users/ped/Desktop/github-job-search/src/components/JobSearch/JobSearchContainer.js": {"path":"/Users/ped/Desktop/github-job-search/src/components/JobSearch/JobSearchContainer.js","statementMap":{"0":{"start":{"line":7,"column":8},"end":{"line":7,"column":16}},"1":{"start":{"line":8,"column":8},"end":{"line":14,"column":9}},"2":{"start":{"line":17,"column":15},"end":{"line":34,"column":5}},"3":{"start":{"line":18,"column":8},"end":{"line":18,"column":42}},"4":{"start":{"line":19,"column":23},"end":{"line":19,"column":53}},"5":{"start":{"line":21,"column":8},"end":{"line":32,"column":9}},"6":{"start":{"line":22,"column":24},"end":{"line":22,"column":51}},"7":{"start":{"line":23,"column":25},"end":{"line":23,"column":41}},"8":{"start":{"line":25,"column":12},"end":{"line":29,"column":14}},"9":{"start":{"line":31,"column":12},"end":{"line":31,"column":53}},"10":{"start":{"line":36,"column":26},"end":{"line":38,"column":5}},"11":{"start":{"line":37,"column":8},"end":{"line":37,"column":60}},"12":{"start":{"line":40,"column":17},"end":{"line":42,"column":5}},"13":{"start":{"line":41,"column":8},"end":{"line":41,"column":43}},"14":{"start":{"line":44,"column":15},"end":{"line":48,"column":5}},"15":{"start":{"line":45,"column":8},"end":{"line":45,"column":27}},"16":{"start":{"line":46,"column":8},"end":{"line":46,"column":45}},"17":{"start":{"line":47,"column":8},"end":{"line":47,"column":25}},"18":{"start":{"line":51,"column":74},"end":{"line":51,"column":84}},"19":{"start":{"line":53,"column":8},"end":{"line":69,"column":9}}},"fnMap":{"0":{"name":"(anonymous_0)","decl":{"start":{"line":6,"column":4},"end":{"line":6,"column":5}},"loc":{"start":{"line":6,"column":18},"end":{"line":15,"column":5}},"line":6},"1":{"name":"(anonymous_1)","decl":{"start":{"line":17,"column":15},"end":{"line":17,"column":16}},"loc":{"start":{"line":17,"column":32},"end":{"line":34,"column":5}},"line":17},"2":{"name":"(anonymous_2)","decl":{"start":{"line":36,"column":26},"end":{"line":36,"column":27}},"loc":{"start":{"line":36,"column":33},"end":{"line":38,"column":5}},"line":36},"3":{"name":"(anonymous_3)","decl":{"start":{"line":40,"column":17},"end":{"line":40,"column":18}},"loc":{"start":{"line":40,"column":23},"end":{"line":42,"column":5}},"line":40},"4":{"name":"(anonymous_4)","decl":{"start":{"line":44,"column":15},"end":{"line":44,"column":16}},"loc":{"start":{"line":44,"column":22},"end":{"line":48,"column":5}},"line":44},"5":{"name":"(anonymous_5)","decl":{"start":{"line":50,"column":4},"end":{"line":50,"column":5}},"loc":{"start":{"line":50,"column":13},"end":{"line":70,"column":5}},"line":50}},"branchMap":{},"s":{"0":5,"1":5,"2":5,"3":2,"4":2,"5":2,"6":2,"7":1,"8":1,"9":1,"10":5,"11":1,"12":5,"13":1,"14":5,"15":0,"16":0,"17":0,"18":12,"19":12},"f":{"0":5,"1":2,"2":1,"3":1,"4":0,"5":12},"b":{},"_coverageSchema":"43e27e138ebf9cfc5966b082cf9a028302ed4184","hash":"5adea3e97853956bea5d5b63519cb6f84de865ed"}
,"/Users/ped/Desktop/github-job-search/src/components/JobSearch/JobList/JobList.js": {"path":"/Users/ped/Desktop/github-job-search/src/components/JobSearch/JobList/JobList.js","statementMap":{"0":{"start":{"line":3,"column":16},"end":{"line":24,"column":1}},"1":{"start":{"line":4,"column":54},"end":{"line":4,"column":59}},"2":{"start":{"line":6,"column":4},"end":{"line":8,"column":5}},"3":{"start":{"line":7,"column":8},"end":{"line":7,"column":79}},"4":{"start":{"line":10,"column":4},"end":{"line":23,"column":5}},"5":{"start":{"line":16,"column":20},"end":{"line":19,"column":25}}},"fnMap":{"0":{"name":"(anonymous_0)","decl":{"start":{"line":3,"column":16},"end":{"line":3,"column":17}},"loc":{"start":{"line":3,"column":27},"end":{"line":24,"column":1}},"line":3},"1":{"name":"(anonymous_1)","decl":{"start":{"line":15,"column":27},"end":{"line":15,"column":28}},"loc":{"start":{"line":16,"column":20},"end":{"line":19,"column":25}},"line":16}},"branchMap":{"0":{"loc":{"start":{"line":6,"column":4},"end":{"line":8,"column":5}},"type":"if","locations":[{"start":{"line":6,"column":4},"end":{"line":8,"column":5}},{"start":{"line":6,"column":4},"end":{"line":8,"column":5}}],"line":6},"1":{"loc":{"start":{"line":6,"column":8},"end":{"line":6,"column":34}},"type":"binary-expr","locations":[{"start":{"line":6,"column":8},"end":{"line":6,"column":17}},{"start":{"line":6,"column":21},"end":{"line":6,"column":34}}],"line":6},"2":{"loc":{"start":{"line":12,"column":13},"end":{"line":12,"column":98}},"type":"binary-expr","locations":[{"start":{"line":12,"column":14},"end":{"line":12,"column":25}},{"start":{"line":12,"column":29},"end":{"line":12,"column":39}},{"start":{"line":12,"column":44},"end":{"line":12,"column":98}}],"line":12},"3":{"loc":{"start":{"line":13,"column":13},"end":{"line":13,"column":54}},"type":"binary-expr","locations":[{"start":{"line":13,"column":13},"end":{"line":13,"column":25}},{"start":{"line":13,"column":29},"end":{"line":13,"column":54}}],"line":13}},"s":{"0":3,"1":4,"2":4,"3":1,"4":3,"5":2},"f":{"0":4,"1":2},"b":{"0":[1,3],"1":[4,1],"2":[3,1,1],"3":[3,1]},"_coverageSchema":"43e27e138ebf9cfc5966b082cf9a028302ed4184","hash":"d7a3549a66ca1918cf682f5bc92bb7b9fb3b1a06"}
,"/Users/ped/Desktop/github-job-search/src/components/Loadmore/LoadMore.js": {"path":"/Users/ped/Desktop/github-job-search/src/components/Loadmore/LoadMore.js","statementMap":{"0":{"start":{"line":3,"column":17},"end":{"line":11,"column":1}},"1":{"start":{"line":4,"column":42},"end":{"line":4,"column":47}},"2":{"start":{"line":5,"column":20},"end":{"line":7,"column":5}},"3":{"start":{"line":6,"column":8},"end":{"line":6,"column":138}},"4":{"start":{"line":8,"column":4},"end":{"line":10,"column":6}}},"fnMap":{"0":{"name":"(anonymous_0)","decl":{"start":{"line":3,"column":17},"end":{"line":3,"column":18}},"loc":{"start":{"line":3,"column":28},"end":{"line":11,"column":1}},"line":3},"1":{"name":"(anonymous_1)","decl":{"start":{"line":5,"column":20},"end":{"line":5,"column":21}},"loc":{"start":{"line":5,"column":26},"end":{"line":7,"column":5}},"line":5}},"branchMap":{"0":{"loc":{"start":{"line":6,"column":15},"end":{"line":6,"column":138}},"type":"binary-expr","locations":[{"start":{"line":6,"column":16},"end":{"line":6,"column":25}},{"start":{"line":6,"column":29},"end":{"line":6,"column":39}},{"start":{"line":6,"column":45},"end":{"line":6,"column":138}}],"line":6}},"s":{"0":1,"1":3,"2":3,"3":3,"4":3},"f":{"0":3,"1":3},"b":{"0":[3,1,1]},"_coverageSchema":"43e27e138ebf9cfc5966b082cf9a028302ed4184","hash":"b2bc547e347c1a73b0e32b7c0a5b9dedc2426b20"}
,"/Users/ped/Desktop/github-job-search/src/components/Top/Top.js": {"path":"/Users/ped/Desktop/github-job-search/src/components/Top/Top.js","statementMap":{"0":{"start":{"line":3,"column":12},"end":{"line":13,"column":1}},"1":{"start":{"line":4,"column":4},"end":{"line":12,"column":5}}},"fnMap":{"0":{"name":"(anonymous_0)","decl":{"start":{"line":3,"column":12},"end":{"line":3,"column":13}},"loc":{"start":{"line":3,"column":18},"end":{"line":13,"column":1}},"line":3}},"branchMap":{},"s":{"0":2,"1":2},"f":{"0":2},"b":{},"_coverageSchema":"43e27e138ebf9cfc5966b082cf9a028302ed4184","hash":"6cc9e9c67efb0d1e70e686f4864e534d3f88f3c5"}
,"/Users/ped/Desktop/github-job-search/src/components/common/Button/Button.js": {"path":"/Users/ped/Desktop/github-job-search/src/components/common/Button/Button.js","statementMap":{"0":{"start":{"line":4,"column":18},"end":{"line":8,"column":1}},"1":{"start":{"line":12,"column":8},"end":{"line":12,"column":21}},"2":{"start":{"line":13,"column":8},"end":{"line":13,"column":47}},"3":{"start":{"line":16,"column":14},"end":{"line":20,"column":5}},"4":{"start":{"line":17,"column":8},"end":{"line":19,"column":9}},"5":{"start":{"line":18,"column":12},"end":{"line":18,"column":41}},"6":{"start":{"line":23,"column":34},"end":{"line":23,"column":44}},"7":{"start":{"line":25,"column":33},"end":{"line":25,"column":83}},"8":{"start":{"line":27,"column":8},"end":{"line":34,"column":9}},"9":{"start":{"line":38,"column":0},"end":{"line":38,"column":29}}},"fnMap":{"0":{"name":"(anonymous_0)","decl":{"start":{"line":11,"column":4},"end":{"line":11,"column":5}},"loc":{"start":{"line":11,"column":23},"end":{"line":14,"column":5}},"line":11},"1":{"name":"(anonymous_1)","decl":{"start":{"line":16,"column":14},"end":{"line":16,"column":15}},"loc":{"start":{"line":16,"column":21},"end":{"line":20,"column":5}},"line":16},"2":{"name":"(anonymous_2)","decl":{"start":{"line":22,"column":4},"end":{"line":22,"column":5}},"loc":{"start":{"line":22,"column":13},"end":{"line":35,"column":5}},"line":22}},"branchMap":{"0":{"loc":{"start":{"line":17,"column":8},"end":{"line":19,"column":9}},"type":"if","locations":[{"start":{"line":17,"column":8},"end":{"line":19,"column":9}},{"start":{"line":17,"column":8},"end":{"line":19,"column":9}}],"line":17},"1":{"loc":{"start":{"line":25,"column":33},"end":{"line":25,"column":83}},"type":"cond-expr","locations":[{"start":{"line":25,"column":45},"end":{"line":25,"column":63}},{"start":{"line":25,"column":66},"end":{"line":25,"column":83}}],"line":25}},"s":{"0":4,"1":6,"2":6,"3":6,"4":2,"5":2,"6":6,"7":6,"8":6,"9":4},"f":{"0":6,"1":2,"2":6},"b":{"0":[2,0],"1":[1,5]},"_coverageSchema":"43e27e138ebf9cfc5966b082cf9a028302ed4184","hash":"fbd8dcca9b0408d2011a1a0ec6d7d19ee160b7df"}
}
