TN:
SF:/Users/ped/Desktop/github-job-search/src/App.js
FN:5,App
FNF:1
FNH:1
FNDA:1,App
DA:6,1
LF:1
LH:1
BRF:0
BRH:0
end_of_record
TN:
SF:/Users/ped/Desktop/github-job-search/src/components/JobSearch/JobSearch.js
FN:4,(anonymous_0)
FNF:1
FNH:1
FNDA:3,(anonymous_0)
DA:4,3
DA:5,3
DA:6,3
LF:3
LH:3
BRF:0
BRH:0
end_of_record
TN:
SF:/Users/ped/Desktop/github-job-search/src/components/JobSearch/JobSearchContainer.js
FN:6,(anonymous_0)
FN:17,(anonymous_1)
FN:36,(anonymous_2)
FN:40,(anonymous_3)
FN:44,(anonymous_4)
FN:50,(anonymous_5)
FNF:6
FNH:5
FNDA:5,(anonymous_0)
FNDA:2,(anonymous_1)
FNDA:1,(anonymous_2)
FNDA:1,(anonymous_3)
FNDA:0,(anonymous_4)
FNDA:12,(anonymous_5)
DA:7,5
DA:8,5
DA:17,5
DA:18,2
DA:19,2
DA:21,2
DA:22,2
DA:23,1
DA:25,1
DA:31,1
DA:36,5
DA:37,1
DA:40,5
DA:41,1
DA:44,5
DA:45,0
DA:46,0
DA:47,0
DA:51,12
DA:53,12
LF:20
LH:17
BRF:0
BRH:0
end_of_record
TN:
SF:/Users/ped/Desktop/github-job-search/src/components/JobSearch/JobList/JobList.js
FN:3,(anonymous_0)
FN:15,(anonymous_1)
FNF:2
FNH:2
FNDA:4,(anonymous_0)
FNDA:2,(anonymous_1)
DA:3,3
DA:4,4
DA:6,4
DA:7,1
DA:10,3
DA:16,2
LF:6
LH:6
BRDA:6,0,0,1
BRDA:6,0,1,3
BRDA:6,1,0,4
BRDA:6,1,1,1
BRDA:12,2,0,3
BRDA:12,2,1,1
BRDA:12,2,2,1
BRDA:13,3,0,3
BRDA:13,3,1,1
BRF:9
BRH:9
end_of_record
TN:
SF:/Users/ped/Desktop/github-job-search/src/components/Loadmore/LoadMore.js
FN:3,(anonymous_0)
FN:5,(anonymous_1)
FNF:2
FNH:2
FNDA:3,(anonymous_0)
FNDA:3,(anonymous_1)
DA:3,1
DA:4,3
DA:5,3
DA:6,3
DA:8,3
LF:5
LH:5
BRDA:6,0,0,3
BRDA:6,0,1,1
BRDA:6,0,2,1
BRF:3
BRH:3
end_of_record
TN:
SF:/Users/ped/Desktop/github-job-search/src/components/Top/Top.js
FN:3,(anonymous_0)
FNF:1
FNH:1
FNDA:2,(anonymous_0)
DA:3,2
DA:4,2
LF:2
LH:2
BRF:0
BRH:0
end_of_record
TN:
SF:/Users/ped/Desktop/github-job-search/src/components/common/Button/Button.js
FN:11,(anonymous_0)
FN:16,(anonymous_1)
FN:22,(anonymous_2)
FNF:3
FNH:3
FNDA:6,(anonymous_0)
FNDA:2,(anonymous_1)
FNDA:6,(anonymous_2)
DA:4,4
DA:12,6
DA:13,6
DA:16,6
DA:17,2
DA:18,2
DA:23,6
DA:25,6
DA:27,6
DA:38,4
LF:10
LH:10
BRDA:17,0,0,2
BRDA:17,0,1,0
BRDA:25,1,0,1
BRDA:25,1,1,5
BRF:4
BRH:3
end_of_record
